<?xml version="1.0" encoding="UTF-8"?>
<testsuites name="jest tests" tests="10" failures="0" errors="0" time="27.424">
  <testsuite name="tests\dal\DIListItemProvider.test.ts" errors="0" failures="0" skipped="0" timestamp="2024-07-16T20:11:27" time="14.99" tests="2">
    <testcase classname="DIListItemProvider" name="Should call the correct URL when calling getById" time="0.123">
    </testcase>
    <testcase classname="DIListItemProvider" name="Should call the correct URL when calling getListItems" time="0.003">
    </testcase>
  </testsuite>
  <testsuite name="tests\manager\ItemsWithAuthorDetailsManager.test.ts" errors="0" failures="0" skipped="0" timestamp="2024-07-16T20:11:27" time="15.133" tests="1">
    <testcase classname="ItemsWithAuthorDetailsManager" name="should get users" time="0.068">
    </testcase>
  </testsuite>
  <testsuite name="tests\dal\SPContextListItemProvider.test.ts" errors="0" failures="0" skipped="0" timestamp="2024-07-16T20:11:27" time="15.24" tests="2">
    <testcase classname="SPContextListItemProvider" name="Should call the correct URL when calling getListItems" time="0.054">
    </testcase>
    <testcase classname="SPContextListItemProvider" name="Should call the correct URL when calling getById" time="0.002">
    </testcase>
  </testsuite>
  <testsuite name="tests\dal\PnPListItemProvider.test.ts" errors="0" failures="0" skipped="0" timestamp="2024-07-16T20:11:27" time="15.364" tests="2">
    <testcase classname="PnPListItemProvider" name="Should call the correct methods weh calling getListItems" time="0.065">
    </testcase>
    <testcase classname="PnPListItemProvider" name="Should call the correct methods when cfalling getById" time="0.004">
    </testcase>
  </testsuite>
  <testsuite name="tests\components\ItemsWithAdminInfo.test.tsx" errors="0" failures="0" skipped="0" timestamp="2024-07-16T20:11:27" time="21.479" tests="3">
    <testcase classname="ItemsWithAdminInfo" name="should display spinner while loading" time="0.061">
    </testcase>
    <testcase classname="ItemsWithAdminInfo" name="should display items when loaded" time="0.125">
    </testcase>
    <testcase classname="ItemsWithAdminInfo" name="should handle error when getting items fails" time="0.018">
    </testcase>
  </testsuite>
</testsuites>